{
    "folders": [
        {
            "name": "abia_library",
            "path": "abia_library",
            "external_id": "ce2ad25d62092054d1553ad91fd69c2c97"
        },
        {
            "name": "abia_moj_library",
            "path": "abia_moj_library",
            "external_id": "cd1fdcafce09776297f50766fbf34556f4"
        },
        {
            "name": "abia_moj_library_backup",
            "path": "abia_moj_library_backup",
            "external_id": "ce2639c91309553c93c3877741d255d190"
        }
    ],
    "next_cursor": null,
    "total_count": 3
}[2026-02-15T18:20:41+00:00] FOLDERS ROOT: {"folders":[{"name":"abia_library","path":"abia_library","external_id":"ce2ad25d62092054d1553ad91fd69c2c97"},{"name":"abia_moj_library","path":"abia_moj_library","external_id":"cd1fdcafce09776297f50766fbf34556f4"},{"name":"abia_moj_library_backup","path":"abia_moj_library_backup","external_id":"ce2639c91309553c93c3877741d255d190"}],"next_cursor":null,"total_count":3}
